# JRE version: Java(TM) SE Runtime Environment (8.0_111-b14) (build 1.8.0_111-b14)
# Java VM: Java HotSpot(TM) 64-Bit Server VM (25.111-b14 mixed mode windows-amd64 compressed oops)
Heap:
 PSYoungGen      total 42496K, used 18516K [0x00000000d5e00000, 0x00000000da300000, 0x0000000100000000)
  eden space 31232K, 40% used [0x00000000d5e00000,0x00000000d6a52208,0x00000000d7c80000)
  from space 11264K, 52% used [0x00000000d8700000,0x00000000d8cc2f08,0x00000000d9200000)
  to   space 10752K, 0% used [0x00000000d7c80000,0x00000000d7c80000,0x00000000d8700000)
 ParOldGen       total 87552K, used 15190K [0x0000000081a00000, 0x0000000086f80000, 0x00000000d5e00000)
  object space 87552K, 17% used [0x0000000081a00000,0x00000000828d5a58,0x0000000086f80000)
 Metaspace       used 18700K, capacity 18955K, committed 19200K, reserved 1067008K
  class space    used 2115K, capacity 2203K, committed 2304K, reserved 1048576K
GC Heap History (10 events):
Event: 11.805 GC heap before
{Heap before GC invocations=6 (full 0):
 PSYoungGen      total 37888K, used 37880K [0x00000000d5e00000, 0x00000000d9600000, 0x0000000100000000)
  eden space 32768K, 100% used [0x00000000d5e00000,0x00000000d7e00000,0x00000000d7e00000)
  from space 5120K, 99% used [0x00000000d7e80000,0x00000000d837e3a8,0x00000000d8380000)
  to   space 12288K, 0% used [0x00000000d8a00000,0x00000000d8a00000,0x00000000d9600000)
 ParOldGen       total 87552K, used 9832K [0x0000000081a00000, 0x0000000086f80000, 0x00000000d5e00000)
  object space 87552K, 11% used [0x0000000081a00000,0x000000008239a230,0x0000000086f80000)
 Metaspace       used 17580K, capacity 17799K, committed 18048K, reserved 1064960K
  class space    used 2037K, capacity 2101K, committed 2176K, reserved 1048576K
Event: 11.808 GC heap after
Heap after GC invocations=6 (full 0):
 PSYoungGen      total 43008K, used 5098K [0x00000000d5e00000, 0x00000000d9480000, 0x0000000100000000)
  eden space 32256K, 0% used [0x00000000d5e00000,0x00000000d5e00000,0x00000000d7d80000)
  from space 10752K, 47% used [0x00000000d8a00000,0x00000000d8efa978,0x00000000d9480000)
  to   space 11776K, 0% used [0x00000000d7d80000,0x00000000d7d80000,0x00000000d8900000)
 ParOldGen       total 87552K, used 9832K [0x0000000081a00000, 0x0000000086f80000, 0x00000000d5e00000)
  object space 87552K, 11% used [0x0000000081a00000,0x000000008239a230,0x0000000086f80000)
 Metaspace       used 17580K, capacity 17799K, committed 18048K, reserved 1064960K
  class space    used 2037K, capacity 2101K, committed 2176K, reserved 1048576K
}
Event: 13.492 GC heap before
{Heap before GC invocations=7 (full 0):
 PSYoungGen      total 43008K, used 37354K [0x00000000d5e00000, 0x00000000d9480000, 0x0000000100000000)
  eden space 32256K, 100% used [0x00000000d5e00000,0x00000000d7d80000,0x00000000d7d80000)
  from space 10752K, 47% used [0x00000000d8a00000,0x00000000d8efa978,0x00000000d9480000)
  to   space 11776K, 0% used [0x00000000d7d80000,0x00000000d7d80000,0x00000000d8900000)
 ParOldGen       total 87552K, used 9832K [0x0000000081a00000, 0x0000000086f80000, 0x00000000d5e00000)
  object space 87552K, 11% used [0x0000000081a00000,0x000000008239a230,0x0000000086f80000)
 Metaspace       used 17580K, capacity 17799K, committed 18048K, reserved 1064960K
  class space    used 2037K, capacity 2101K, committed 2176K, reserved 1048576K
Event: 13.495 GC heap after
Heap after GC invocations=7 (full 0):
 PSYoungGen      total 43520K, used 64K [0x00000000d5e00000, 0x00000000d9600000, 0x0000000100000000)
  eden space 31744K, 0% used [0x00000000d5e00000,0x00000000d5e00000,0x00000000d7d00000)
  from space 11776K, 0% used [0x00000000d7d80000,0x00000000d7d90000,0x00000000d8900000)
  to   space 12800K, 0% used [0x00000000d8980000,0x00000000d8980000,0x00000000d9600000)
 ParOldGen       total 87552K, used 14886K [0x0000000081a00000, 0x0000000086f80000, 0x00000000d5e00000)
  object space 87552K, 17% used [0x0000000081a00000,0x0000000082889a58,0x0000000086f80000)
 Metaspace       used 17580K, capacity 17799K, committed 18048K, reserved 1064960K
  class space    used 2037K, capacity 2101K, committed 2176K, reserved 1048576K
}
Event: 14.576 GC heap before
{Heap before GC invocations=8 (full 0):
 PSYoungGen      total 43520K, used 31808K [0x00000000d5e00000, 0x00000000d9600000, 0x0000000100000000)
  eden space 31744K, 100% used [0x00000000d5e00000,0x00000000d7d00000,0x00000000d7d00000)
  from space 11776K, 0% used [0x00000000d7d80000,0x00000000d7d90000,0x00000000d8900000)
  to   space 12800K, 0% used [0x00000000d8980000,0x00000000d8980000,0x00000000d9600000)
 ParOldGen       total 87552K, used 14886K [0x0000000081a00000, 0x0000000086f80000, 0x00000000d5e00000)
  object space 87552K, 17% used [0x0000000081a00000,0x0000000082889a58,0x0000000086f80000)
 Metaspace       used 18073K, capacity 18355K, committed 18560K, reserved 1064960K
  class space    used 2064K, capacity 2135K, committed 2176K, reserved 1048576K
Event: 14.590 GC heap after
Heap after GC invocations=8 (full 0):
 PSYoungGen      total 41472K, used 5472K [0x00000000d5e00000, 0x00000000d9380000, 0x0000000100000000)
  eden space 31232K, 0% used [0x00000000d5e00000,0x00000000d5e00000,0x00000000d7c80000)
  from space 10240K, 53% used [0x00000000d8980000,0x00000000d8ed8000,0x00000000d9380000)
  to   space 11776K, 0% used [0x00000000d7c80000,0x00000000d7c80000,0x00000000d8800000)
 ParOldGen       total 87552K, used 14894K [0x0000000081a00000, 0x0000000086f80000, 0x00000000d5e00000)
  object space 87552K, 17% used [0x0000000081a00000,0x000000008288ba58,0x0000000086f80000)
 Metaspace       used 18073K, capacity 18355K, committed 18560K, reserved 1064960K
  class space    used 2064K, capacity 2135K, committed 2176K, reserved 1048576K
}
Event: 15.132 GC heap before
{Heap before GC invocations=9 (full 0):
 PSYoungGen      total 41472K, used 36704K [0x00000000d5e00000, 0x00000000d9380000, 0x0000000100000000)
  eden space 31232K, 100% used [0x00000000d5e00000,0x00000000d7c80000,0x00000000d7c80000)
  from space 10240K, 53% used [0x00000000d8980000,0x00000000d8ed8000,0x00000000d9380000)
  to   space 11776K, 0% used [0x00000000d7c80000,0x00000000d7c80000,0x00000000d8800000)
 ParOldGen       total 87552K, used 14894K [0x0000000081a00000, 0x0000000086f80000, 0x00000000d5e00000)
  object space 87552K, 17% used [0x0000000081a00000,0x000000008288ba58,0x0000000086f80000)
 Metaspace       used 18411K, capacity 18667K, committed 18816K, reserved 1067008K
  class space    used 2090K, capacity 2171K, committed 2176K, reserved 1048576K
Event: 15.134 GC heap after
Heap after GC invocations=9 (full 0):
 PSYoungGen      total 36352K, used 5441K [0x00000000d5e00000, 0x00000000d9200000, 0x0000000100000000)
  eden space 30720K, 0% used [0x00000000d5e00000,0x00000000d5e00000,0x00000000d7c00000)
  from space 5632K, 96% used [0x00000000d7c80000,0x00000000d81d0458,0x00000000d8200000)
  to   space 11264K, 0% used [0x00000000d8700000,0x00000000d8700000,0x00000000d9200000)
 ParOldGen       total 87552K, used 14902K [0x0000000081a00000, 0x0000000086f80000, 0x00000000d5e00000)
  object space 87552K, 17% used [0x0000000081a00000,0x000000008288da58,0x0000000086f80000)
 Metaspace       used 18411K, capacity 18667K, committed 18816K, reserved 1067008K
  class space    used 2090K, capacity 2171K, committed 2176K, reserved 1048576K
}
Event: 15.374 GC heap before
{Heap before GC invocations=10 (full 0):
 PSYoungGen      total 36352K, used 36161K [0x00000000d5e00000, 0x00000000d9200000, 0x0000000100000000)
  eden space 30720K, 100% used [0x00000000d5e00000,0x00000000d7c00000,0x00000000d7c00000)
  from space 5632K, 96% used [0x00000000d7c80000,0x00000000d81d0458,0x00000000d8200000)
  to   space 11264K, 0% used [0x00000000d8700000,0x00000000d8700000,0x00000000d9200000)
 ParOldGen       total 87552K, used 14902K [0x0000000081a00000, 0x0000000086f80000, 0x00000000d5e00000)
  object space 87552K, 17% used [0x0000000081a00000,0x000000008288da58,0x0000000086f80000)
 Metaspace       used 18447K, capacity 18731K, committed 19072K, reserved 1067008K
  class space    used 2092K, capacity 2171K, committed 2176K, reserved 1048576K
Event: 15.381 GC heap after
Heap after GC invocations=10 (full 0):
 PSYoungGen      total 42496K, used 5899K [0x00000000d5e00000, 0x00000000da300000, 0x0000000100000000)
  eden space 31232K, 0% used [0x00000000d5e00000,0x00000000d5e00000,0x00000000d7c80000)
  from space 11264K, 52% used [0x00000000d8700000,0x00000000d8cc2f08,0x00000000d9200000)
  to   space 10752K, 0% used [0x00000000d7c80000,0x00000000d7c80000,0x00000000d8700000)
 ParOldGen       total 87552K, used 15190K [0x0000000081a00000, 0x0000000086f80000, 0x00000000d5e00000)
  object space 87552K, 17% used [0x0000000081a00000,0x00000000828d5a58,0x0000000086f80000)
 Metaspace       used 18447K, capacity 18731K, committed 19072K, reserved 1067008K
  class space    used 2092K, capacity 2171K, committed 2176K, reserved 1048576K
}

