# JRE version: Java(TM) SE Runtime Environment (8.0_111-b14) (build 1.8.0_111-b14)
# Java VM: Java HotSpot(TM) 64-Bit Server VM (25.111-b14 mixed mode windows-amd64 compressed oops)
Heap:
 PSYoungGen      total 40448K, used 18426K [0x00000000d5e00000, 0x00000000d9280000, 0x0000000100000000)
  eden space 30208K, 41% used [0x00000000d5e00000,0x00000000d6a3bdb0,0x00000000d7b80000)
  from space 10240K, 57% used [0x00000000d8880000,0x00000000d8e42ad8,0x00000000d9280000)
  to   space 11776K, 0% used [0x00000000d7b80000,0x00000000d7b80000,0x00000000d8700000)
 ParOldGen       total 87552K, used 16805K [0x0000000081a00000, 0x0000000086f80000, 0x00000000d5e00000)
  object space 87552K, 19% used [0x0000000081a00000,0x0000000082a69668,0x0000000086f80000)
 Metaspace       used 18719K, capacity 18955K, committed 19200K, reserved 1067008K
  class space    used 2115K, capacity 2203K, committed 2304K, reserved 1048576K
GC Heap History (10 events):
Event: 8.492 GC heap before
{Heap before GC invocations=6 (full 0):
 PSYoungGen      total 37888K, used 37871K [0x00000000d5e00000, 0x00000000d9900000, 0x0000000100000000)
  eden space 32768K, 100% used [0x00000000d5e00000,0x00000000d7e00000,0x00000000d7e00000)
  from space 5120K, 99% used [0x00000000d7e80000,0x00000000d837beb0,0x00000000d8380000)
  to   space 13824K, 0% used [0x00000000d8b80000,0x00000000d8b80000,0x00000000d9900000)
 ParOldGen       total 87552K, used 11411K [0x0000000081a00000, 0x0000000086f80000, 0x00000000d5e00000)
  object space 87552K, 13% used [0x0000000081a00000,0x0000000082524d00,0x0000000086f80000)
 Metaspace       used 17595K, capacity 17799K, committed 18048K, reserved 1064960K
  class space    used 2038K, capacity 2101K, committed 2176K, reserved 1048576K
Event: 8.495 GC heap after
Heap after GC invocations=6 (full 0):
 PSYoungGen      total 44544K, used 5108K [0x00000000d5e00000, 0x00000000d9780000, 0x0000000100000000)
  eden space 32256K, 0% used [0x00000000d5e00000,0x00000000d5e00000,0x00000000d7d80000)
  from space 12288K, 41% used [0x00000000d8b80000,0x00000000d907d150,0x00000000d9780000)
  to   space 13312K, 0% used [0x00000000d7d80000,0x00000000d7d80000,0x00000000d8a80000)
 ParOldGen       total 87552K, used 11419K [0x0000000081a00000, 0x0000000086f80000, 0x00000000d5e00000)
  object space 87552K, 13% used [0x0000000081a00000,0x0000000082526d00,0x0000000086f80000)
 Metaspace       used 17595K, capacity 17799K, committed 18048K, reserved 1064960K
  class space    used 2038K, capacity 2101K, committed 2176K, reserved 1048576K
}
Event: 9.647 GC heap before
{Heap before GC invocations=7 (full 0):
 PSYoungGen      total 44544K, used 37364K [0x00000000d5e00000, 0x00000000d9780000, 0x0000000100000000)
  eden space 32256K, 100% used [0x00000000d5e00000,0x00000000d7d80000,0x00000000d7d80000)
  from space 12288K, 41% used [0x00000000d8b80000,0x00000000d907d150,0x00000000d9780000)
  to   space 13312K, 0% used [0x00000000d7d80000,0x00000000d7d80000,0x00000000d8a80000)
 ParOldGen       total 87552K, used 11419K [0x0000000081a00000, 0x0000000086f80000, 0x00000000d5e00000)
  object space 87552K, 13% used [0x0000000081a00000,0x0000000082526d00,0x0000000086f80000)
 Metaspace       used 17595K, capacity 17799K, committed 18048K, reserved 1064960K
  class space    used 2038K, capacity 2101K, committed 2176K, reserved 1048576K
Event: 9.651 GC heap after
Heap after GC invocations=7 (full 0):
 PSYoungGen      total 45056K, used 128K [0x00000000d5e00000, 0x00000000d9800000, 0x0000000100000000)
  eden space 31744K, 0% used [0x00000000d5e00000,0x00000000d5e00000,0x00000000d7d00000)
  from space 13312K, 0% used [0x00000000d7d80000,0x00000000d7da0000,0x00000000d8a80000)
  to   space 13824K, 0% used [0x00000000d8a80000,0x00000000d8a80000,0x00000000d9800000)
 ParOldGen       total 87552K, used 16485K [0x0000000081a00000, 0x0000000086f80000, 0x00000000d5e00000)
  object space 87552K, 18% used [0x0000000081a00000,0x0000000082a19668,0x0000000086f80000)
 Metaspace       used 17595K, capacity 17799K, committed 18048K, reserved 1064960K
  class space    used 2038K, capacity 2101K, committed 2176K, reserved 1048576K
}
Event: 10.491 GC heap before
{Heap before GC invocations=8 (full 0):
 PSYoungGen      total 45056K, used 31872K [0x00000000d5e00000, 0x00000000d9800000, 0x0000000100000000)
  eden space 31744K, 100% used [0x00000000d5e00000,0x00000000d7d00000,0x00000000d7d00000)
  from space 13312K, 0% used [0x00000000d7d80000,0x00000000d7da0000,0x00000000d8a80000)
  to   space 13824K, 0% used [0x00000000d8a80000,0x00000000d8a80000,0x00000000d9800000)
 ParOldGen       total 87552K, used 16485K [0x0000000081a00000, 0x0000000086f80000, 0x00000000d5e00000)
  object space 87552K, 18% used [0x0000000081a00000,0x0000000082a19668,0x0000000086f80000)
 Metaspace       used 18086K, capacity 18355K, committed 18560K, reserved 1064960K
  class space    used 2065K, capacity 2135K, committed 2176K, reserved 1048576K
Event: 10.499 GC heap after
Heap after GC invocations=8 (full 0):
 PSYoungGen      total 43520K, used 5504K [0x00000000d5e00000, 0x00000000d9680000, 0x0000000100000000)
  eden space 31232K, 0% used [0x00000000d5e00000,0x00000000d5e00000,0x00000000d7c80000)
  from space 12288K, 44% used [0x00000000d8a80000,0x00000000d8fe0000,0x00000000d9680000)
  to   space 13312K, 0% used [0x00000000d7c80000,0x00000000d7c80000,0x00000000d8980000)
 ParOldGen       total 87552K, used 16501K [0x0000000081a00000, 0x0000000086f80000, 0x00000000d5e00000)
  object space 87552K, 18% used [0x0000000081a00000,0x0000000082a1d668,0x0000000086f80000)
 Metaspace       used 18086K, capacity 18355K, committed 18560K, reserved 1064960K
  class space    used 2065K, capacity 2135K, committed 2176K, reserved 1048576K
}
Event: 10.987 GC heap before
{Heap before GC invocations=9 (full 0):
 PSYoungGen      total 43520K, used 36736K [0x00000000d5e00000, 0x00000000d9680000, 0x0000000100000000)
  eden space 31232K, 100% used [0x00000000d5e00000,0x00000000d7c80000,0x00000000d7c80000)
  from space 12288K, 44% used [0x00000000d8a80000,0x00000000d8fe0000,0x00000000d9680000)
  to   space 13312K, 0% used [0x00000000d7c80000,0x00000000d7c80000,0x00000000d8980000)
 ParOldGen       total 87552K, used 16501K [0x0000000081a00000, 0x0000000086f80000, 0x00000000d5e00000)
  object space 87552K, 18% used [0x0000000081a00000,0x0000000082a1d668,0x0000000086f80000)
 Metaspace       used 18431K, capacity 18667K, committed 18816K, reserved 1067008K
  class space    used 2090K, capacity 2171K, committed 2176K, reserved 1048576K
Event: 10.990 GC heap after
Heap after GC invocations=9 (full 0):
 PSYoungGen      total 36352K, used 5419K [0x00000000d5e00000, 0x00000000d9500000, 0x0000000100000000)
  eden space 30720K, 0% used [0x00000000d5e00000,0x00000000d5e00000,0x00000000d7c00000)
  from space 5632K, 96% used [0x00000000d7c80000,0x00000000d81cadc8,0x00000000d8200000)
  to   space 12800K, 0% used [0x00000000d8880000,0x00000000d8880000,0x00000000d9500000)
 ParOldGen       total 87552K, used 16525K [0x0000000081a00000, 0x0000000086f80000, 0x00000000d5e00000)
  object space 87552K, 18% used [0x0000000081a00000,0x0000000082a23668,0x0000000086f80000)
 Metaspace       used 18431K, capacity 18667K, committed 18816K, reserved 1067008K
  class space    used 2090K, capacity 2171K, committed 2176K, reserved 1048576K
}
Event: 11.212 GC heap before
{Heap before GC invocations=10 (full 0):
 PSYoungGen      total 36352K, used 36139K [0x00000000d5e00000, 0x00000000d9500000, 0x0000000100000000)
  eden space 30720K, 100% used [0x00000000d5e00000,0x00000000d7c00000,0x00000000d7c00000)
  from space 5632K, 96% used [0x00000000d7c80000,0x00000000d81cadc8,0x00000000d8200000)
  to   space 12800K, 0% used [0x00000000d8880000,0x00000000d8880000,0x00000000d9500000)
 ParOldGen       total 87552K, used 16525K [0x0000000081a00000, 0x0000000086f80000, 0x00000000d5e00000)
  object space 87552K, 18% used [0x0000000081a00000,0x0000000082a23668,0x0000000086f80000)
 Metaspace       used 18466K, capacity 18731K, committed 19072K, reserved 1067008K
  class space    used 2092K, capacity 2171K, committed 2176K, reserved 1048576K
Event: 11.216 GC heap after
Heap after GC invocations=10 (full 0):
 PSYoungGen      total 40448K, used 5898K [0x00000000d5e00000, 0x00000000d9280000, 0x0000000100000000)
  eden space 30208K, 0% used [0x00000000d5e00000,0x00000000d5e00000,0x00000000d7b80000)
  from space 10240K, 57% used [0x00000000d8880000,0x00000000d8e42ad8,0x00000000d9280000)
  to   space 11776K, 0% used [0x00000000d7b80000,0x00000000d7b80000,0x00000000d8700000)
 ParOldGen       total 87552K, used 16805K [0x0000000081a00000, 0x0000000086f80000, 0x00000000d5e00000)
  object space 87552K, 19% used [0x0000000081a00000,0x0000000082a69668,0x0000000086f80000)
 Metaspace       used 18466K, capacity 18731K, committed 19072K, reserved 1067008K
  class space    used 2092K, capacity 2171K, committed 2176K, reserved 1048576K
}

